000 (190837.000.000) 11/21 14:38:20 Job submitted from host: <188.185.71.142:9618?addrs=188.185.71.142-9618&noUDP&sock=1345_22f8_6>
...
001 (190837.000.000) 11/21 14:38:39 Job executing on host: <128.142.199.23:9618?addrs=128.142.199.23-9618+[--1]-9618&noUDP&sock=8464_42f5_32>
...
006 (190837.000.000) 11/21 14:38:47 Image size of job updated: 34932
	4  -  MemoryUsage of job (MB)
	3872  -  ResidentSetSize of job (KB)
...
005 (190837.000.000) 11/21 14:39:42 Job terminated.
	(1) Normal termination (return value 0)
		Usr 0 00:00:01, Sys 0 00:00:02  -  Run Remote Usage
		Usr 0 00:00:00, Sys 0 00:00:00  -  Run Local Usage
		Usr 0 00:00:01, Sys 0 00:00:02  -  Total Remote Usage
		Usr 0 00:00:00, Sys 0 00:00:00  -  Total Local Usage
	6306  -  Run Bytes Sent By Job
	2161  -  Run Bytes Received By Job
	6306  -  Total Bytes Sent By Job
	2161  -  Total Bytes Received By Job
	Partitionable Resources :    Usage  Request Allocated
	   Cpus                 :                 1         1
	   Disk (KB)            :       22        3   1840763
	   Memory (MB)          :        4     2000      2000
...
